[debug] [2025-09-15T06:54:36.854Z] ----------------------------------------------------------------------
[debug] [2025-09-15T06:54:36.856Z] Command:       C:\Program Files\nodejs\node.exe C:\Users\Mahalakshmi\AppData\Roaming\npm\node_modules\firebase-tools\lib\bin\firebase.js init
[debug] [2025-09-15T06:54:36.856Z] CLI Version:   14.16.0
[debug] [2025-09-15T06:54:36.856Z] Platform:      win32
[debug] [2025-09-15T06:54:36.857Z] Node Version:  v22.18.0
[debug] [2025-09-15T06:54:36.857Z] Time:          Mon Sep 15 2025 12:24:36 GMT+0530 (India Standard Time)
[debug] [2025-09-15T06:54:36.857Z] ----------------------------------------------------------------------
[debug] 
[debug] [2025-09-15T06:54:36.867Z] > command requires scopes: ["email","openid","https://www.googleapis.com/auth/cloudplatformprojects.readonly","https://www.googleapis.com/auth/firebase","https://www.googleapis.com/auth/cloud-platform"]
[debug] [2025-09-15T06:54:36.868Z] > authorizing via signed-in user (mahalakshmicheduluri@gmail.com)
[info] 
     ######## #### ########  ######## ########     ###     ######  ########
     ##        ##  ##     ## ##       ##     ##  ##   ##  ##       ##
     ######    ##  ########  ######   ########  #########  ######  ######
     ##        ##  ##    ##  ##       ##     ## ##     ##       ## ##
     ##       #### ##     ## ######## ########  ##     ##  ######  ########

You're about to initialize a Firebase project in this directory:

  C:\reactjs\react-clothing-project\luxethreads

Before we get started, keep in mind:

  * You are currently outside your home directory

